<?xml version="1.0" encoding="UTF-8"?>
<testng-results skipped="0" failed="0" total="1" passed="1">
  <reporter-output>
  </reporter-output>
  <suite name="Sharp Sanity Suite" duration-ms="8425" started-at="2018-04-15T11:02:36Z" finished-at="2018-04-15T11:02:45Z">
    <groups>
    </groups>
    <test name="Nopackage" duration-ms="8425" started-at="2018-04-15T11:02:36Z" finished-at="2018-04-15T11:02:45Z">
      <class name="com.sharp.login.LoginUsers">
        <test-method status="PASS" signature="setup()[pri:0, instance:com.sharp.login.LoginUsers@573f2bb1]" name="setup" is-config="true" duration-ms="7067" started-at="2018-04-15T16:32:36Z" finished-at="2018-04-15T16:32:43Z">
          <reporter-output>
          </reporter-output>
        </test-method> <!-- setup -->
        <test-method status="PASS" signature="testing_01()[pri:0, instance:com.sharp.login.LoginUsers@573f2bb1]" name="testing_01" duration-ms="86" started-at="2018-04-15T16:32:43Z" description="To validate logo in login page" finished-at="2018-04-15T16:32:43Z">
          <reporter-output>
          </reporter-output>
        </test-method> <!-- testing_01 -->
        <test-method status="PASS" signature="teardown()[pri:0, instance:com.sharp.login.LoginUsers@573f2bb1]" name="teardown" is-config="true" duration-ms="1259" started-at="2018-04-15T16:32:43Z" finished-at="2018-04-15T16:32:45Z">
          <reporter-output>
          </reporter-output>
        </test-method> <!-- teardown -->
      </class> <!-- com.sharp.login.LoginUsers -->
    </test> <!-- Nopackage -->
  </suite> <!-- Sharp Sanity Suite -->
</testng-results>
